<?xml version="1.0" encoding="UTF-8"?>
<testsuite xmlns:xsi="http://www.w3.org/2001/XMLSchema-instance" xsi:noNamespaceSchemaLocation="https://maven.apache.org/surefire/maven-surefire-plugin/xsd/surefire-test-report-3.0.xsd" version="3.0" name="com.securevault.service.PasswordGeneratorTest" time="0.013" tests="6" errors="0" skipped="0" failures="0">
  <properties>
[...]
</properties>
  <testcase name="testGenerateWithAllOptions" classname="com.securevault.service.PasswordGeneratorTest" time="0.001"/>
  <testcase name="testGenerateUppercaseOnly" classname="com.securevault.service.PasswordGeneratorTest" time="0.001"/>
  <testcase name="testGenerateNumbersOnly" classname="com.securevault.service.PasswordGeneratorTest" time="0.001"/>
  <testcase name="testGenerateDefaultLength" classname="com.securevault.service.PasswordGeneratorTest" time="0.002"/>
  <testcase name="testGenerateProducesUniquePasswords" classname="com.securevault.service.PasswordGeneratorTest" time="0.003"/>
  <testcase name="testGenerateLowercaseOnly" classname="com.securevault.service.PasswordGeneratorTest" time="0.001"/>
</testsuite>